2019-03-20 12:00:36,510 INFO [main] [StartupInfoLogger.java:50] - [Starting Main on yuanfei with PID 4920 (F:\workspace\eclipse18-self\springboot-pack\target\classes started by yuanfeiZheng in F:\workspace\eclipse18-self\springboot-pack)]
2019-03-20 12:00:36,515 INFO [main] [SpringApplication.java:679] - [The following profiles are active: dev]
2019-03-20 12:00:44,104 INFO [main] [StartupInfoLogger.java:50] - [Starting Main on yuanfei with PID 10948 (F:\workspace\eclipse18-self\springboot-pack\target\classes started by yuanfeiZheng in F:\workspace\eclipse18-self\springboot-pack)]
2019-03-20 12:00:44,110 INFO [main] [SpringApplication.java:679] - [The following profiles are active: dev]
2019-03-20 12:00:46,594 INFO [main] [TomcatWebServer.java:90] - [Tomcat initialized with port(s): 9086 (http)]
2019-03-20 12:00:46,619 INFO [main] [DirectJDKLog.java:173] - [Initializing ProtocolHandler ["http-nio-9086"]]
2019-03-20 12:00:46,629 INFO [main] [DirectJDKLog.java:173] - [Starting service [Tomcat]]
2019-03-20 12:00:46,630 INFO [main] [DirectJDKLog.java:173] - [Starting Servlet Engine: Apache Tomcat/9.0.12]
2019-03-20 12:00:46,646 INFO [main] [DirectJDKLog.java:173] - [The APR based Apache Tomcat Native library which allows optimal performance in production environments was not found on the java.library.path: [D:\Programs\Jdk\jdk8\jre8\bin;C:\WINDOWS\Sun\Java\bin;C:\WINDOWS\system32;C:\WINDOWS;D:/Programs/Jdk/jdk8/jre8/bin/server;D:/Programs/Jdk/jdk8/jre8/bin;D:/Programs/Jdk/jdk8/jre8/lib/amd64;D:\Programs\Xshell 6\;C:\ProgramData\Oracle\Java\javapath;C:\WINDOWS\system32;C:\WINDOWS;C:\WINDOWS\System32\Wbem;C:\WINDOWS\System32\WindowsPowerShell\v1.0\;D:\Programs\WinSCP\;D:\Programs\Sql\MySQL\MySQL Server 5.1\bin;D:\Programs\Jdk\jdk8\jdk1.8.0_20\bin;D:\Programs\Jdk\jdk8\jdk1.8.0_20\jre\bin;F:\work\linkcm\项目\AI\ffmpeg-4.0.2-win64-static\ffmpeg-4.0.2-win64-static/bin;D:\Programs\MinGW/bin;D:\Programs\TortoiseGit\bin;D:\Programs\TortoiseSVN\bin;D:\Programs\apache-maven-3.6.0\bin;D:\Programs\nodejs\;D:\Programs\tools;C:\Users\yuanfeiZheng\AppData\Roaming\npm;D:\Programs\IDE\eclipse-jee-mars-2-win32-x86_64\eclipse;;.]]
2019-03-20 12:00:46,825 INFO [main] [DirectJDKLog.java:173] - [Initializing Spring embedded WebApplicationContext]
2019-03-20 12:00:46,827 INFO [main] [ServletWebServerApplicationContext.java:285] - [Root WebApplicationContext: initialization completed in 2636 ms]
2019-03-20 12:00:46,881 INFO [main] [ServletRegistrationBean.java:186] - [Servlet dispatcherServlet mapped to [/]]
2019-03-20 12:00:46,886 INFO [main] [AbstractFilterRegistrationBean.java:248] - [Mapping filter: 'characterEncodingFilter' to: [/*]]
2019-03-20 12:00:46,888 INFO [main] [AbstractFilterRegistrationBean.java:248] - [Mapping filter: 'hiddenHttpMethodFilter' to: [/*]]
2019-03-20 12:00:46,889 INFO [main] [AbstractFilterRegistrationBean.java:248] - [Mapping filter: 'formContentFilter' to: [/*]]
2019-03-20 12:00:46,890 INFO [main] [AbstractFilterRegistrationBean.java:248] - [Mapping filter: 'requestContextFilter' to: [/*]]
2019-03-20 12:00:47,294 INFO [main] [ExecutorConfigurationSupport.java:171] - [Initializing ExecutorService 'applicationTaskExecutor']
2019-03-20 12:00:47,616 INFO [main] [DirectJDKLog.java:173] - [Starting ProtocolHandler ["http-nio-9086"]]
2019-03-20 12:00:47,638 INFO [main] [DirectJDKLog.java:173] - [Using a shared selector for servlet write/read]
2019-03-20 12:00:47,663 INFO [main] [TomcatWebServer.java:204] - [Tomcat started on port(s): 9086 (http) with context path '/server']
2019-03-20 12:00:47,669 INFO [main] [StartupInfoLogger.java:59] - [Started Main in 4.386 seconds (JVM running for 4.912)]
2019-03-20 12:01:06,435 INFO [http-nio-9086-exec-1] [DirectJDKLog.java:173] - [Initializing Spring DispatcherServlet 'dispatcherServlet']
2019-03-20 12:01:06,436 INFO [http-nio-9086-exec-1] [FrameworkServlet.java:521] - [Initializing Servlet 'dispatcherServlet']
2019-03-20 12:01:06,451 INFO [http-nio-9086-exec-1] [FrameworkServlet.java:543] - [Completed initialization in 15 ms]
2019-03-20 12:56:28,912 INFO [main] [StartupInfoLogger.java:50] - [Starting MockTest on yuanfei with PID 6008 (started by yuanfeiZheng in F:\workspace\eclipse18-self\springboot-pack)]
2019-03-20 12:56:28,914 INFO [main] [SpringApplication.java:679] - [The following profiles are active: dev]
2019-03-20 12:56:31,586 INFO [main] [ExecutorConfigurationSupport.java:171] - [Initializing ExecutorService 'applicationTaskExecutor']
2019-03-20 12:56:32,301 INFO [main] [StartupInfoLogger.java:59] - [Started MockTest in 4.156 seconds (JVM running for 5.368)]
2019-03-20 12:56:32,811 INFO [main] [MockServletContext.java:444] - [Initializing Spring TestDispatcherServlet '']
2019-03-20 12:56:32,812 INFO [main] [FrameworkServlet.java:521] - [Initializing Servlet '']
2019-03-20 12:56:32,836 INFO [main] [FrameworkServlet.java:543] - [Completed initialization in 24 ms]
2019-03-20 12:56:33,006 INFO [Thread-2] [ExecutorConfigurationSupport.java:208] - [Shutting down ExecutorService 'applicationTaskExecutor']
